<?xml version="1.0" encoding="UTF-8" standalone="no"?><testsuite errors="0" failures="1" name="Swag Labs app" skipped="0" tests="1" time="7.1" timestamp="2025-06-18 10:11:21"><testcase name="Remover un producto"><failure message="&#10;Expected: an element that is not visible&#10;     but: the element identified by [[AndroidDriver:  on ANDROID (c11cecb9-56a4-4fdd-8270-dba9df0ff554)] -&gt; xpath: //android.widget.TextView[@text='CONTINUAR COMPRANDO']] [CONTINUAR COMPRANDO] was visible" type="java.lang.AssertionError">
Expected: an element that is not visible
     but: the element identified by [[AndroidDriver:  on ANDROID (c11cecb9-56a4-4fdd-8270-dba9df0ff554)] -&gt; xpath: //android.widget.TextView[@text='CONTINUAR COMPRANDO']] [CONTINUAR COMPRANDO] was visible</failure><system-err>
Expected: an element that is not visible
     but: the element identified by [[AndroidDriver:  on ANDROID (c11cecb9-56a4-4fdd-8270-dba9df0ff554)] -&gt; xpath: //android.widget.TextView[@text='CONTINUAR COMPRANDO']] [CONTINUAR COMPRANDO] was visible
com.consubanco.qa.stepdefinitions.mobileswaglabs.MobilesSwagLabsStepDefinitions.elCarritoDebeQuedarVacio(MobilesSwagLabsStepDefinitions.java:74)
io.cucumber.java.Invoker.doInvoke(Invoker.java:66)
io.cucumber.java.Invoker.invoke(Invoker.java:24)
io.cucumber.java.AbstractGlueDefinition.invokeMethod(AbstractGlueDefinition.java:47)
io.cucumber.java.JavaStepDefinition.execute(JavaStepDefinition.java:29)
io.cucumber.core.runner.CoreStepDefinition.execute(CoreStepDefinition.java:66)
io.cucumber.core.runner.PickleStepDefinitionMatch.runStep(PickleStepDefinitionMatch.java:63)
io.cucumber.core.runner.TestStep.executeStep(TestStep.java:84)
io.cucumber.core.runner.TestStep.run(TestStep.java:56)
io.cucumber.core.runner.PickleStepTestStep.run(PickleStepTestStep.java:51)
io.cucumber.core.runner.TestCase.run(TestCase.java:84)
io.cucumber.core.runner.Runner.runPickle(Runner.java:75)
io.cucumber.core.runtime.CucumberExecutionContext.lambda$runTestCase$5(CucumberExecutionContext.java:137)
io.cucumber.core.runtime.RethrowingThrowableCollector.executeAndThrow(RethrowingThrowableCollector.java:23)
io.cucumber.core.runtime.CucumberExecutionContext.runTestCase(CucumberExecutionContext.java:137)
io.cucumber.junit.FeatureRunner.runChild(FeatureRunner.java:144)
io.cucumber.junit.FeatureRunner.runChild(FeatureRunner.java:28)
io.cucumber.junit.FeatureRunner.run(FeatureRunner.java:137)
io.cucumber.junit.CucumberSerenityBaseRunner.runChild(CucumberSerenityBaseRunner.java:332)
io.cucumber.junit.CucumberSerenityBaseRunner.runChild(CucumberSerenityBaseRunner.java:53)
com.consubanco.qa.runners.RunnerPersonalizado.run(RunnerPersonalizado.java:42)
worker.org.gradle.process.internal.worker.GradleWorkerMain.run(GradleWorkerMain.java:69)
worker.org.gradle.process.internal.worker.GradleWorkerMain.main(GradleWorkerMain.java:74)
</system-err></testcase></testsuite>